Determining if the pthread_create exist failed with the following output:
Change Dir: /home/etud/liardety/Documents/MODL/tp2/TP2/build/ThirdParty/src/googletest-build/CMakeFiles/CMakeTmp

Run Build Command:"/usr/bin/make" "cmTryCompileExec2665795554/fast"
make[3]: Entering directory '/home/etud/liardety/Documents/MODL/tp2/TP2/build/ThirdParty/src/googletest-build/CMakeFiles/CMakeTmp'
/usr/bin/make -f CMakeFiles/cmTryCompileExec2665795554.dir/build.make CMakeFiles/cmTryCompileExec2665795554.dir/build
make[4]: Entering directory '/home/etud/liardety/Documents/MODL/tp2/TP2/build/ThirdParty/src/googletest-build/CMakeFiles/CMakeTmp'
/usr/bin/cmake -E cmake_progress_report /home/etud/liardety/Documents/MODL/tp2/TP2/build/ThirdParty/src/googletest-build/CMakeFiles/CMakeTmp/CMakeFiles 1
Building C object CMakeFiles/cmTryCompileExec2665795554.dir/CheckSymbolExists.c.o
/usr/bin/cc    -o CMakeFiles/cmTryCompileExec2665795554.dir/CheckSymbolExists.c.o   -c /home/etud/liardety/Documents/MODL/tp2/TP2/build/ThirdParty/src/googletest-build/CMakeFiles/CMakeTmp/CheckSymbolExists.c
Linking C executable cmTryCompileExec2665795554
/usr/bin/cmake -E cmake_link_script CMakeFiles/cmTryCompileExec2665795554.dir/link.txt --verbose=1
/usr/bin/cc       CMakeFiles/cmTryCompileExec2665795554.dir/CheckSymbolExists.c.o  -o cmTryCompileExec2665795554 -rdynamic 
CMakeFiles/cmTryCompileExec2665795554.dir/CheckSymbolExists.c.o: In function `main':
CheckSymbolExists.c:(.text+0x16): undefined reference to `pthread_create'
collect2: error: ld returned 1 exit status
CMakeFiles/cmTryCompileExec2665795554.dir/build.make:88: recipe for target 'cmTryCompileExec2665795554' failed
make[4]: *** [cmTryCompileExec2665795554] Error 1
make[4]: Leaving directory '/home/etud/liardety/Documents/MODL/tp2/TP2/build/ThirdParty/src/googletest-build/CMakeFiles/CMakeTmp'
Makefile:118: recipe for target 'cmTryCompileExec2665795554/fast' failed
make[3]: *** [cmTryCompileExec2665795554/fast] Error 2
make[3]: Leaving directory '/home/etud/liardety/Documents/MODL/tp2/TP2/build/ThirdParty/src/googletest-build/CMakeFiles/CMakeTmp'

File /home/etud/liardety/Documents/MODL/tp2/TP2/build/ThirdParty/src/googletest-build/CMakeFiles/CMakeTmp/CheckSymbolExists.c:
/* */
#include <pthread.h>

int main(int argc, char** argv)
{
  (void)argv;
#ifndef pthread_create
  return ((int*)(&pthread_create))[argc];
#else
  (void)argc;
  return 0;
#endif
}

Determining if the function pthread_create exists in the pthreads failed with the following output:
Change Dir: /home/etud/liardety/Documents/MODL/tp2/TP2/build/ThirdParty/src/googletest-build/CMakeFiles/CMakeTmp

Run Build Command:"/usr/bin/make" "cmTryCompileExec2546779673/fast"
make[3]: Entering directory '/home/etud/liardety/Documents/MODL/tp2/TP2/build/ThirdParty/src/googletest-build/CMakeFiles/CMakeTmp'
/usr/bin/make -f CMakeFiles/cmTryCompileExec2546779673.dir/build.make CMakeFiles/cmTryCompileExec2546779673.dir/build
make[4]: Entering directory '/home/etud/liardety/Documents/MODL/tp2/TP2/build/ThirdParty/src/googletest-build/CMakeFiles/CMakeTmp'
/usr/bin/cmake -E cmake_progress_report /home/etud/liardety/Documents/MODL/tp2/TP2/build/ThirdParty/src/googletest-build/CMakeFiles/CMakeTmp/CMakeFiles 1
Building C object CMakeFiles/cmTryCompileExec2546779673.dir/CheckFunctionExists.c.o
/usr/bin/cc   -DCHECK_FUNCTION_EXISTS=pthread_create   -o CMakeFiles/cmTryCompileExec2546779673.dir/CheckFunctionExists.c.o   -c /usr/share/cmake-3.0/Modules/CheckFunctionExists.c
Linking C executable cmTryCompileExec2546779673
/usr/bin/cmake -E cmake_link_script CMakeFiles/cmTryCompileExec2546779673.dir/link.txt --verbose=1
/usr/bin/cc   -DCHECK_FUNCTION_EXISTS=pthread_create    CMakeFiles/cmTryCompileExec2546779673.dir/CheckFunctionExists.c.o  -o cmTryCompileExec2546779673 -rdynamic -lpthreads 
/usr/bin/ld: cannot find -lpthreads
collect2: error: ld returned 1 exit status
CMakeFiles/cmTryCompileExec2546779673.dir/build.make:88: recipe for target 'cmTryCompileExec2546779673' failed
make[4]: *** [cmTryCompileExec2546779673] Error 1
make[4]: Leaving directory '/home/etud/liardety/Documents/MODL/tp2/TP2/build/ThirdParty/src/googletest-build/CMakeFiles/CMakeTmp'
Makefile:118: recipe for target 'cmTryCompileExec2546779673/fast' failed
make[3]: *** [cmTryCompileExec2546779673/fast] Error 2
make[3]: Leaving directory '/home/etud/liardety/Documents/MODL/tp2/TP2/build/ThirdParty/src/googletest-build/CMakeFiles/CMakeTmp'


