Determining if the pthread_create exist failed with the following output:
Change Dir: /home/etud/liardety/Documents/MODL/tp3/TP3/build/CMakeFiles/CMakeTmp

Run Build Command:"/usr/bin/make" "cmTryCompileExec2611252485/fast"
/usr/bin/make -f CMakeFiles/cmTryCompileExec2611252485.dir/build.make CMakeFiles/cmTryCompileExec2611252485.dir/build
make[1]: Entering directory '/home/etud/liardety/Documents/MODL/tp3/TP3/build/CMakeFiles/CMakeTmp'
/usr/bin/cmake -E cmake_progress_report /home/etud/liardety/Documents/MODL/tp3/TP3/build/CMakeFiles/CMakeTmp/CMakeFiles 1
Building C object CMakeFiles/cmTryCompileExec2611252485.dir/CheckSymbolExists.c.o
/usr/bin/cc    -o CMakeFiles/cmTryCompileExec2611252485.dir/CheckSymbolExists.c.o   -c /home/etud/liardety/Documents/MODL/tp3/TP3/build/CMakeFiles/CMakeTmp/CheckSymbolExists.c
Linking C executable cmTryCompileExec2611252485
/usr/bin/cmake -E cmake_link_script CMakeFiles/cmTryCompileExec2611252485.dir/link.txt --verbose=1
/usr/bin/cc       CMakeFiles/cmTryCompileExec2611252485.dir/CheckSymbolExists.c.o  -o cmTryCompileExec2611252485 -rdynamic 
CMakeFiles/cmTryCompileExec2611252485.dir/CheckSymbolExists.c.o: In function `main':
CheckSymbolExists.c:(.text+0x16): undefined reference to `pthread_create'
collect2: error: ld returned 1 exit status
CMakeFiles/cmTryCompileExec2611252485.dir/build.make:88: recipe for target 'cmTryCompileExec2611252485' failed
make[1]: *** [cmTryCompileExec2611252485] Error 1
make[1]: Leaving directory '/home/etud/liardety/Documents/MODL/tp3/TP3/build/CMakeFiles/CMakeTmp'
Makefile:118: recipe for target 'cmTryCompileExec2611252485/fast' failed
make: *** [cmTryCompileExec2611252485/fast] Error 2

File /home/etud/liardety/Documents/MODL/tp3/TP3/build/CMakeFiles/CMakeTmp/CheckSymbolExists.c:
/* */
#include <pthread.h>

int main(int argc, char** argv)
{
  (void)argv;
#ifndef pthread_create
  return ((int*)(&pthread_create))[argc];
#else
  (void)argc;
  return 0;
#endif
}

Determining if the function pthread_create exists in the pthreads failed with the following output:
Change Dir: /home/etud/liardety/Documents/MODL/tp3/TP3/build/CMakeFiles/CMakeTmp

Run Build Command:"/usr/bin/make" "cmTryCompileExec2361937950/fast"
/usr/bin/make -f CMakeFiles/cmTryCompileExec2361937950.dir/build.make CMakeFiles/cmTryCompileExec2361937950.dir/build
make[1]: Entering directory '/home/etud/liardety/Documents/MODL/tp3/TP3/build/CMakeFiles/CMakeTmp'
/usr/bin/cmake -E cmake_progress_report /home/etud/liardety/Documents/MODL/tp3/TP3/build/CMakeFiles/CMakeTmp/CMakeFiles 1
Building C object CMakeFiles/cmTryCompileExec2361937950.dir/CheckFunctionExists.c.o
/usr/bin/cc   -DCHECK_FUNCTION_EXISTS=pthread_create   -o CMakeFiles/cmTryCompileExec2361937950.dir/CheckFunctionExists.c.o   -c /usr/share/cmake-3.0/Modules/CheckFunctionExists.c
Linking C executable cmTryCompileExec2361937950
/usr/bin/cmake -E cmake_link_script CMakeFiles/cmTryCompileExec2361937950.dir/link.txt --verbose=1
/usr/bin/cc   -DCHECK_FUNCTION_EXISTS=pthread_create    CMakeFiles/cmTryCompileExec2361937950.dir/CheckFunctionExists.c.o  -o cmTryCompileExec2361937950 -rdynamic -lpthreads 
/usr/bin/ld: cannot find -lpthreads
collect2: error: ld returned 1 exit status
CMakeFiles/cmTryCompileExec2361937950.dir/build.make:88: recipe for target 'cmTryCompileExec2361937950' failed
make[1]: *** [cmTryCompileExec2361937950] Error 1
make[1]: Leaving directory '/home/etud/liardety/Documents/MODL/tp3/TP3/build/CMakeFiles/CMakeTmp'
Makefile:118: recipe for target 'cmTryCompileExec2361937950/fast' failed
make: *** [cmTryCompileExec2361937950/fast] Error 2


