Determining if the pthread_create exist failed with the following output:
Change Dir: /home/etud/liardety/Documents/MODL/tp3/TP3/build/ThirdParty/src/googletest-build/CMakeFiles/CMakeTmp

Run Build Command:"/usr/bin/make" "cmTryCompileExec3338332021/fast"
make[3]: Entering directory '/home/etud/liardety/Documents/MODL/tp3/TP3/build/ThirdParty/src/googletest-build/CMakeFiles/CMakeTmp'
/usr/bin/make -f CMakeFiles/cmTryCompileExec3338332021.dir/build.make CMakeFiles/cmTryCompileExec3338332021.dir/build
make[4]: Entering directory '/home/etud/liardety/Documents/MODL/tp3/TP3/build/ThirdParty/src/googletest-build/CMakeFiles/CMakeTmp'
/usr/bin/cmake -E cmake_progress_report /home/etud/liardety/Documents/MODL/tp3/TP3/build/ThirdParty/src/googletest-build/CMakeFiles/CMakeTmp/CMakeFiles 1
Building C object CMakeFiles/cmTryCompileExec3338332021.dir/CheckSymbolExists.c.o
/usr/bin/cc    -o CMakeFiles/cmTryCompileExec3338332021.dir/CheckSymbolExists.c.o   -c /home/etud/liardety/Documents/MODL/tp3/TP3/build/ThirdParty/src/googletest-build/CMakeFiles/CMakeTmp/CheckSymbolExists.c
Linking C executable cmTryCompileExec3338332021
/usr/bin/cmake -E cmake_link_script CMakeFiles/cmTryCompileExec3338332021.dir/link.txt --verbose=1
/usr/bin/cc       CMakeFiles/cmTryCompileExec3338332021.dir/CheckSymbolExists.c.o  -o cmTryCompileExec3338332021 -rdynamic 
CMakeFiles/cmTryCompileExec3338332021.dir/CheckSymbolExists.c.o: In function `main':
CheckSymbolExists.c:(.text+0x16): undefined reference to `pthread_create'
collect2: error: ld returned 1 exit status
CMakeFiles/cmTryCompileExec3338332021.dir/build.make:88: recipe for target 'cmTryCompileExec3338332021' failed
make[4]: *** [cmTryCompileExec3338332021] Error 1
make[4]: Leaving directory '/home/etud/liardety/Documents/MODL/tp3/TP3/build/ThirdParty/src/googletest-build/CMakeFiles/CMakeTmp'
Makefile:118: recipe for target 'cmTryCompileExec3338332021/fast' failed
make[3]: *** [cmTryCompileExec3338332021/fast] Error 2
make[3]: Leaving directory '/home/etud/liardety/Documents/MODL/tp3/TP3/build/ThirdParty/src/googletest-build/CMakeFiles/CMakeTmp'

File /home/etud/liardety/Documents/MODL/tp3/TP3/build/ThirdParty/src/googletest-build/CMakeFiles/CMakeTmp/CheckSymbolExists.c:
/* */
#include <pthread.h>

int main(int argc, char** argv)
{
  (void)argv;
#ifndef pthread_create
  return ((int*)(&pthread_create))[argc];
#else
  (void)argc;
  return 0;
#endif
}

Determining if the function pthread_create exists in the pthreads failed with the following output:
Change Dir: /home/etud/liardety/Documents/MODL/tp3/TP3/build/ThirdParty/src/googletest-build/CMakeFiles/CMakeTmp

Run Build Command:"/usr/bin/make" "cmTryCompileExec2314182261/fast"
make[3]: Entering directory '/home/etud/liardety/Documents/MODL/tp3/TP3/build/ThirdParty/src/googletest-build/CMakeFiles/CMakeTmp'
/usr/bin/make -f CMakeFiles/cmTryCompileExec2314182261.dir/build.make CMakeFiles/cmTryCompileExec2314182261.dir/build
make[4]: Entering directory '/home/etud/liardety/Documents/MODL/tp3/TP3/build/ThirdParty/src/googletest-build/CMakeFiles/CMakeTmp'
/usr/bin/cmake -E cmake_progress_report /home/etud/liardety/Documents/MODL/tp3/TP3/build/ThirdParty/src/googletest-build/CMakeFiles/CMakeTmp/CMakeFiles 1
Building C object CMakeFiles/cmTryCompileExec2314182261.dir/CheckFunctionExists.c.o
/usr/bin/cc   -DCHECK_FUNCTION_EXISTS=pthread_create   -o CMakeFiles/cmTryCompileExec2314182261.dir/CheckFunctionExists.c.o   -c /usr/share/cmake-3.0/Modules/CheckFunctionExists.c
Linking C executable cmTryCompileExec2314182261
/usr/bin/cmake -E cmake_link_script CMakeFiles/cmTryCompileExec2314182261.dir/link.txt --verbose=1
/usr/bin/cc   -DCHECK_FUNCTION_EXISTS=pthread_create    CMakeFiles/cmTryCompileExec2314182261.dir/CheckFunctionExists.c.o  -o cmTryCompileExec2314182261 -rdynamic -lpthreads 
/usr/bin/ld: cannot find -lpthreads
collect2: error: ld returned 1 exit status
CMakeFiles/cmTryCompileExec2314182261.dir/build.make:88: recipe for target 'cmTryCompileExec2314182261' failed
make[4]: *** [cmTryCompileExec2314182261] Error 1
make[4]: Leaving directory '/home/etud/liardety/Documents/MODL/tp3/TP3/build/ThirdParty/src/googletest-build/CMakeFiles/CMakeTmp'
Makefile:118: recipe for target 'cmTryCompileExec2314182261/fast' failed
make[3]: *** [cmTryCompileExec2314182261/fast] Error 2
make[3]: Leaving directory '/home/etud/liardety/Documents/MODL/tp3/TP3/build/ThirdParty/src/googletest-build/CMakeFiles/CMakeTmp'


